TpTrace Verbose: 0 : 9100, 1, 2021/07/09, 17:52:46.142, 15872859928408, datacollector.dll, Version: 16.9.1
TpTrace Information: 0 : 9100, 1, 2021/07/09, 17:52:46.150, 15872859983305, datacollector.dll, DataCollectorMain.Run: Starting data collector run with args: --port,50299,--parentprocessid,38896,--diag,C:\Users\joao.paes\Documents\work\ApiEscola\Controller.Specs\bin\Debug\netcoreapp3.1\fine-code-coverage\coverage-tool-output\diagnostics.datacollector.21-07-09_17-52-45_96185_4.log,--tracelevel,4
TpTrace Information: 0 : 9100, 1, 2021/07/09, 17:52:46.150, 15872859985701, datacollector.dll, DataCollector: Monitoring parent process with id: '38896'
TpTrace Information: 0 : 9100, 1, 2021/07/09, 17:52:46.166, 15872860151043, datacollector.dll, Trying to connect to server on socket : 127.0.0.1:50299 
TpTrace Verbose: 0 : 9100, 1, 2021/07/09, 17:52:46.210, 15872860585617, datacollector.dll, SocketCommunicationManager : SetupClientAsync : Attempting to connect to the server.
TpTrace Information: 0 : 9100, 5, 2021/07/09, 17:52:46.222, 15872860710903, datacollector.dll, Connected to the server successfully 
TpTrace Information: 0 : 9100, 5, 2021/07/09, 17:52:46.222, 15872860712383, datacollector.dll, Using the buffer size of 16384 bytes
TpTrace Information: 0 : 9100, 1, 2021/07/09, 17:52:46.299, 15872861473835, datacollector.dll, DataCollector: Start Request Processing.
TpTrace Information: 0 : 9100, 1, 2021/07/09, 17:52:46.302, 15872861505147, datacollector.dll, DataCollectionRequestHandler.ProcessRequests : Datacollector received message: (DataCollection.BeforeTestRunStart) -> {
  "SettingsXml": "<RunSettings><RunConfiguration><ResultsDirectory>C:\\Users\\joao.paes\\Documents\\work\\ApiEscola\\Controller.Specs\\bin\\Debug\\netcoreapp3.1\\fine-code-coverage\\coverage-tool-output</ResultsDirectory><TargetPlatform>X64</TargetPlatform><TargetFrameworkVersion>.NETCoreApp,Version=v3.1</TargetFrameworkVersion><DesignMode>False</DesignMode><CollectSourceInformation>False</CollectSourceInformation><TestAdaptersPaths>C:\\Program Files\\dotnet\\sdk\\5.0.201\\Extensions</TestAdaptersPaths></RunConfiguration><LoggerRunSettings><Loggers><Logger friendlyName=\"blame\" enabled=\"True\" /><Logger friendlyName=\"Console\" uri=\"logger://microsoft/TestPlatform/ConsoleLogger/v1\" assemblyQualifiedName=\"Microsoft.VisualStudio.TestPlatform.CommandLine.Internal.ConsoleLogger, vstest.console, Version=15.0.0.0, Culture=neutral, PublicKeyToken=b03f5f7f11d50a3a\" codeBase=\"C:\\Program Files\\dotnet\\sdk\\5.0.201\\vstest.console.dll\" enabled=\"True\" /></Loggers></LoggerRunSettings><DataCollectionRunSettings><DataCollectors><DataCollector friendlyName=\"blame\" enabled=\"True\"><Configuration><ResultsDirectory>C:\\Users\\joao.paes\\Documents\\work\\ApiEscola\\Controller.Specs\\bin\\Debug\\netcoreapp3.1\\fine-code-coverage\\coverage-tool-output</ResultsDirectory></Configuration></DataCollector></DataCollectors></DataCollectionRunSettings></RunSettings>",
  "Sources": [
    "C:\\Users\\joao.paes\\Documents\\work\\ApiEscola\\Controller.Specs\\bin\\Debug\\netcoreapp3.1\\fine-code-coverage\\build-output\\Controller.Specs.dll"
  ],
  "IsTelemetryOptedIn": false
}
TpTrace Verbose: 0 : 9100, 1, 2021/07/09, 17:52:46.337, 15872861856452, datacollector.dll, TestPluginCache: Update extensions started. Skip filter = False
TpTrace Verbose: 0 : 9100, 1, 2021/07/09, 17:52:46.338, 15872861865826, datacollector.dll, TestPluginCache: Using directories for assembly resolution 'C:\Program Files\dotnet\sdk\5.0.201\Extensions'.
TpTrace Verbose: 0 : 9100, 1, 2021/07/09, 17:52:46.338, 15872861867427, datacollector.dll, TestPluginCache: Updated the available extensions to 'C:\Program Files\dotnet\sdk\5.0.201\Extensions\Microsoft.TestPlatform.Extensions.BlameDataCollector.dll,C:\Program Files\dotnet\sdk\5.0.201\Extensions\Microsoft.TestPlatform.Extensions.EventLogCollector.dll'.
TpTrace Verbose: 0 : 9100, 1, 2021/07/09, 17:52:46.344, 15872861926132, datacollector.dll, TestPluginCache.DiscoverTestExtensions: finding test extensions in assemblies ends with: Collector.dll TPluginInfo: Microsoft.VisualStudio.TestPlatform.Common.DataCollector.DataCollectorConfig TExtension: Microsoft.VisualStudio.TestPlatform.ObjectModel.DataCollection.DataCollector
TpTrace Verbose: 0 : 9100, 1, 2021/07/09, 17:52:46.344, 15872861928168, datacollector.dll, TestPluginCache.GetExtensionPaths: Filtered extension paths: C:\Program Files\dotnet\sdk\5.0.201\Extensions\Microsoft.TestPlatform.Extensions.BlameDataCollector.dll
C:\Program Files\dotnet\sdk\5.0.201\Extensions\Microsoft.TestPlatform.Extensions.EventLogCollector.dll
TpTrace Verbose: 0 : 9100, 1, 2021/07/09, 17:52:46.344, 15872861928660, datacollector.dll, TestPluginCache.GetExtensionPaths: Added default extension paths: 
TpTrace Verbose: 0 : 9100, 1, 2021/07/09, 17:52:46.344, 15872861928950, datacollector.dll, TestPluginCache.GetExtensionPaths: Added unfilterableExtensionPaths: 
TpTrace Information: 0 : 9100, 1, 2021/07/09, 17:52:46.345, 15872861934702, datacollector.dll, AssemblyResolver.ctor: Creating AssemblyResolver with searchDirectories C:\Program Files\dotnet\sdk\5.0.201\Extensions,C:\Program Files\dotnet\sdk\5.0.201
TpTrace Verbose: 0 : 9100, 1, 2021/07/09, 17:52:46.346, 15872861947902, datacollector.dll, TestPluginCache.DiscoverTestExtensions: Discovering the extensions using extension path.
TpTrace Verbose: 0 : 9100, 1, 2021/07/09, 17:52:46.346, 15872861949431, datacollector.dll, TestPluginCache.GetExtensionPaths: Filtered extension paths: C:\Program Files\dotnet\sdk\5.0.201\Extensions\Microsoft.TestPlatform.Extensions.BlameDataCollector.dll
C:\Program Files\dotnet\sdk\5.0.201\Extensions\Microsoft.TestPlatform.Extensions.EventLogCollector.dll
TpTrace Verbose: 0 : 9100, 1, 2021/07/09, 17:52:46.346, 15872861949849, datacollector.dll, TestPluginCache.GetExtensionPaths: Added default extension paths: 
TpTrace Verbose: 0 : 9100, 1, 2021/07/09, 17:52:46.346, 15872861950128, datacollector.dll, TestPluginCache.GetExtensionPaths: Added unfilterableExtensionPaths: 
TpTrace Verbose: 0 : 9100, 1, 2021/07/09, 17:52:46.346, 15872861950600, datacollector.dll, TestPluginCache.DiscoverTestExtensions: Discovering the extensions using allExtensionPaths: C:\Program Files\dotnet\sdk\5.0.201\Extensions\Microsoft.TestPlatform.Extensions.BlameDataCollector.dll
C:\Program Files\dotnet\sdk\5.0.201\Extensions\Microsoft.TestPlatform.Extensions.EventLogCollector.dll
TpTrace Information: 0 : 9100, 1, 2021/07/09, 17:52:46.346, 15872861951534, datacollector.dll, AssemblyResolver.AddSearchDirectories: Adding more searchDirectories C:\Program Files\dotnet\sdk\5.0.201\Extensions,C:\Program Files\dotnet\sdk\5.0.201
TpTrace Information: 0 : 9100, 1, 2021/07/09, 17:52:46.346, 15872861952051, datacollector.dll, AssemblyResolver.AddSearchDirectories: Adding more searchDirectories C:\Program Files\dotnet\sdk\5.0.201\Extensions,C:\Program Files\dotnet\sdk\5.0.201
TpTrace Information: 0 : 9100, 1, 2021/07/09, 17:52:46.347, 15872861956632, datacollector.dll, AssemblyResolver.OnResolve: Microsoft.TestPlatform.Extensions.BlameDataCollector: Resolving assembly.
TpTrace Information: 0 : 9100, 1, 2021/07/09, 17:52:46.348, 15872861966963, datacollector.dll, AssemblyResolver.OnResolve: Resolved assembly: Microsoft.TestPlatform.Extensions.BlameDataCollector, from path: C:\Program Files\dotnet\sdk\5.0.201\Extensions\Microsoft.TestPlatform.Extensions.BlameDataCollector.dll
TpTrace Error: 0 : 9100, 1, 2021/07/09, 17:52:46.349, 15872861980510, datacollector.dll, The type "Microsoft.TestPlatform.Extensions.BlameDataCollector.BlameCollector" defined in "Microsoft.TestPlatform.Extensions.BlameDataCollector.dll" does not have ExtensionUri attribute.
TpTrace Information: 0 : 9100, 1, 2021/07/09, 17:52:46.351, 15872861993143, datacollector.dll, AssemblyResolver.OnResolve: Microsoft.TestPlatform.Extensions.EventLogCollector: Resolving assembly.
TpTrace Information: 0 : 9100, 1, 2021/07/09, 17:52:46.351, 15872861998879, datacollector.dll, AssemblyResolver.OnResolve: Resolved assembly: Microsoft.TestPlatform.Extensions.EventLogCollector, from path: C:\Program Files\dotnet\sdk\5.0.201\Extensions\Microsoft.TestPlatform.Extensions.EventLogCollector.dll
TpTrace Error: 0 : 9100, 1, 2021/07/09, 17:52:46.353, 15872862015075, datacollector.dll, The type "Microsoft.TestPlatform.Extensions.EventLogCollector.EventLogDataCollector" defined in "Microsoft.TestPlatform.Extensions.EventLogCollector.dll" does not have ExtensionUri attribute.
TpTrace Verbose: 0 : 9100, 1, 2021/07/09, 17:52:46.353, 15872862018661, datacollector.dll, TestPluginCache: Discovered the extensions using extension path 'C:\Program Files\dotnet\sdk\5.0.201\Extensions\Microsoft.TestPlatform.Extensions.BlameDataCollector.dll,C:\Program Files\dotnet\sdk\5.0.201\Extensions\Microsoft.TestPlatform.Extensions.EventLogCollector.dll'.
TpTrace Verbose: 0 : 9100, 1, 2021/07/09, 17:52:46.353, 15872862019182, datacollector.dll, TestPluginCache: Discoverers are ''.
TpTrace Verbose: 0 : 9100, 1, 2021/07/09, 17:52:46.353, 15872862019472, datacollector.dll, TestPluginCache: Executors are ''.
TpTrace Verbose: 0 : 9100, 1, 2021/07/09, 17:52:46.353, 15872862019726, datacollector.dll, TestPluginCache: Executors2 are ''.
TpTrace Verbose: 0 : 9100, 1, 2021/07/09, 17:52:46.353, 15872862019972, datacollector.dll, TestPluginCache: Setting providers are ''.
TpTrace Verbose: 0 : 9100, 1, 2021/07/09, 17:52:46.353, 15872862020221, datacollector.dll, TestPluginCache: Loggers are ''.
TpTrace Information: 0 : 9100, 1, 2021/07/09, 17:52:46.354, 15872862031848, datacollector.dll, TestPluginManager.CreateTestExtension: Attempting to load test extension: Microsoft.TestPlatform.Extensions.BlameDataCollector.BlameCollector
TpTrace Error: 0 : 9100, 1, 2021/07/09, 17:52:46.355, 15872862036553, datacollector.dll, The type "Microsoft.TestPlatform.Extensions.BlameDataCollector.BlameCollector" defined in "Microsoft.TestPlatform.Extensions.BlameDataCollector.dll" does not have ExtensionUri attribute.
TpTrace Information: 0 : 9100, 1, 2021/07/09, 17:52:46.360, 15872862089745, datacollector.dll, Listening on Endpoint : 127.0.0.1:50301
TpTrace Information: 0 : 9100, 1, 2021/07/09, 17:52:46.366, 15872862152395, datacollector.dll, DataCollectionRequestHandler.ProcessRequests : DataCollection started.
TpTrace Information: 0 : 9100, 1, 2021/07/09, 17:52:46.421, 15872862698734, datacollector.dll, DataCollectionRequestHandler.ProcessRequests : Datacollector received message: (DataCollection.TestHostLaunched) -> {
  "ProcessId": 34924
}
TpTrace Information: 0 : 9100, 6, 2021/07/09, 17:52:46.718, 15872865670480, datacollector.dll, Using the buffer size of 16384 bytes
TpTrace Information: 0 : 9100, 6, 2021/07/09, 17:52:46.718, 15872865672045, datacollector.dll, Accepted Client request and set the flag
TpTrace Information: 0 : 9100, 5, 2021/07/09, 17:52:47.393, 15872872414277, datacollector.dll, DataCollectionTestCaseEventHandler: Test case starting.
TpTrace Information: 0 : 9100, 5, 2021/07/09, 17:52:47.401, 15872872502026, datacollector.dll, Blame Collector : Test Case Start
TpTrace Information: 0 : 9100, 5, 2021/07/09, 17:52:47.403, 15872872522462, datacollector.dll, DataCollectionTestCaseEventHandler: Test case 'GetEscolaId_Must_Return_True - 5b7bc0bc-1506-536c-8591-69f7c0d99454' started.
TpTrace Information: 0 : 9100, 5, 2021/07/09, 17:52:47.466, 15872873142850, datacollector.dll, DataCollectionTestCaseEventHandler : Test case completing.
TpTrace Information: 0 : 9100, 5, 2021/07/09, 17:52:47.468, 15872873170061, datacollector.dll, Blame Collector : Test Case End
TpTrace Information: 0 : 9100, 5, 2021/07/09, 17:52:47.471, 15872873200744, datacollector.dll, DataCollectionTestCaseEventHandler: Test case 'GetEscolaId_Must_Return_True - 5b7bc0bc-1506-536c-8591-69f7c0d99454' completed
TpTrace Information: 0 : 9100, 5, 2021/07/09, 17:52:47.481, 15872873296303, datacollector.dll, DataCollectionTestCaseEventHandler: Test case starting.
TpTrace Information: 0 : 9100, 5, 2021/07/09, 17:52:47.481, 15872873298817, datacollector.dll, Blame Collector : Test Case Start
TpTrace Information: 0 : 9100, 5, 2021/07/09, 17:52:47.481, 15872873299908, datacollector.dll, DataCollectionTestCaseEventHandler: Test case 'Testes - b7556383-f061-dc6a-3c21-1045ac708ca0' started.
TpTrace Information: 0 : 9100, 5, 2021/07/09, 17:52:47.482, 15872873305638, datacollector.dll, DataCollectionTestCaseEventHandler : Test case completing.
TpTrace Information: 0 : 9100, 5, 2021/07/09, 17:52:47.482, 15872873307625, datacollector.dll, Blame Collector : Test Case End
TpTrace Information: 0 : 9100, 5, 2021/07/09, 17:52:47.482, 15872873308806, datacollector.dll, DataCollectionTestCaseEventHandler: Test case 'Testes - b7556383-f061-dc6a-3c21-1045ac708ca0' completed
TpTrace Information: 0 : 9100, 5, 2021/07/09, 17:52:47.498, 15872873472147, datacollector.dll, DataCollectionTestCaseEventHandler: Test session ended
TpTrace Information: 0 : 9100, 1, 2021/07/09, 17:52:47.559, 15872874079608, datacollector.dll, DataCollectionRequestHandler.ProcessRequests : Datacollector received message: (DataCollection.AfterTestRunEnd) -> false
TpTrace Information: 0 : 9100, 1, 2021/07/09, 17:52:47.560, 15872874085388, datacollector.dll, Blame Collector : Session End
TpTrace Information: 0 : 9100, 1, 2021/07/09, 17:52:47.560, 15872874085912, datacollector.dll, BlameCollector.CollectDumpAndAbortTesthost: Custom path to dump directory was provided via VSTEST_DUMP_PATH. Skipping attachment upload, the caller is responsible for collecting and uploading the dumps themselves.
TpTrace Information: 0 : 9100, 1, 2021/07/09, 17:52:47.560, 15872874086808, datacollector.dll, DataCollectionManager.CleanupPlugins: CleanupPlugins called
TpTrace Verbose: 0 : 9100, 1, 2021/07/09, 17:52:47.560, 15872874087161, datacollector.dll, DataCollectionManager.CleanupPlugins: Cleaning up 1 plugins
TpTrace Verbose: 0 : 9100, 1, 2021/07/09, 17:52:47.560, 15872874087966, datacollector.dll, dataCollectorInfo.DisposeDataCollector: calling Dispose() on Microsoft.TestPlatform.Extensions.BlameDataCollector.BlameCollector
TpTrace Information: 0 : 9100, 1, 2021/07/09, 17:52:47.560, 15872874088604, datacollector.dll, DataCollectionManager.CleanupPlugins: CleanupPlugins finished
TpTrace Information: 0 : 9100, 1, 2021/07/09, 17:52:47.562, 15872874110952, datacollector.dll, DataCollectionRequestHandler.ProcessRequests : Session End message received from server. Closing the connection.
TpTrace Information: 0 : 9100, 1, 2021/07/09, 17:52:47.563, 15872874112800, datacollector.dll, Closing the connection !
TpTrace Information: 0 : 9100, 1, 2021/07/09, 17:52:47.563, 15872874113250, datacollector.dll, DataCollectionRequestHandler.ProcessRequests : DataCollection completed
TpTrace Information: 0 : 9100, 1, 2021/07/09, 17:52:47.563, 15872874113542, datacollector.dll, Program.Main: exiting datacollector process.
