TpTrace Verbose: 0 : 26224, 1, 2021/07/09, 17:45:12.187, 15868320371812, datacollector.dll, Version: 16.9.1
TpTrace Information: 0 : 26224, 1, 2021/07/09, 17:45:12.192, 15868320408099, datacollector.dll, DataCollectorMain.Run: Starting data collector run with args: --port,65361,--parentprocessid,14776,--diag,C:\Users\joao.paes\Documents\work\ApiEscola\ApiCartao\bin\Debug\netcoreapp3.1\fine-code-coverage\coverage-tool-output\diagnostics.datacollector.21-07-09_17-45-11_98613_4.log,--tracelevel,4
TpTrace Information: 0 : 26224, 1, 2021/07/09, 17:45:12.192, 15868320409440, datacollector.dll, DataCollector: Monitoring parent process with id: '14776'
TpTrace Information: 0 : 26224, 1, 2021/07/09, 17:45:12.204, 15868320531664, datacollector.dll, Trying to connect to server on socket : 127.0.0.1:65361 
TpTrace Verbose: 0 : 26224, 1, 2021/07/09, 17:45:12.237, 15868320862218, datacollector.dll, SocketCommunicationManager : SetupClientAsync : Attempting to connect to the server.
TpTrace Information: 0 : 26224, 5, 2021/07/09, 17:45:12.250, 15868320986007, datacollector.dll, Connected to the server successfully 
TpTrace Information: 0 : 26224, 5, 2021/07/09, 17:45:12.250, 15868320987720, datacollector.dll, Using the buffer size of 16384 bytes
TpTrace Information: 0 : 26224, 1, 2021/07/09, 17:45:12.341, 15868321900641, datacollector.dll, DataCollector: Start Request Processing.
TpTrace Information: 0 : 26224, 1, 2021/07/09, 17:45:12.345, 15868321939200, datacollector.dll, DataCollectionRequestHandler.ProcessRequests : Datacollector received message: (DataCollection.BeforeTestRunStart) -> {
  "SettingsXml": "<RunSettings><RunConfiguration><ResultsDirectory>C:\\Users\\joao.paes\\Documents\\work\\ApiEscola\\ApiCartao\\bin\\Debug\\netcoreapp3.1\\fine-code-coverage\\coverage-tool-output</ResultsDirectory><TargetPlatform>X64</TargetPlatform><TargetFrameworkVersion>.NETCoreApp,Version=v3.1</TargetFrameworkVersion><DesignMode>False</DesignMode><CollectSourceInformation>False</CollectSourceInformation><TestAdaptersPaths>C:\\Program Files\\dotnet\\sdk\\5.0.201\\Extensions</TestAdaptersPaths></RunConfiguration><LoggerRunSettings><Loggers><Logger friendlyName=\"blame\" enabled=\"True\" /><Logger friendlyName=\"Console\" uri=\"logger://microsoft/TestPlatform/ConsoleLogger/v1\" assemblyQualifiedName=\"Microsoft.VisualStudio.TestPlatform.CommandLine.Internal.ConsoleLogger, vstest.console, Version=15.0.0.0, Culture=neutral, PublicKeyToken=b03f5f7f11d50a3a\" codeBase=\"C:\\Program Files\\dotnet\\sdk\\5.0.201\\vstest.console.dll\" enabled=\"True\" /></Loggers></LoggerRunSettings><DataCollectionRunSettings><DataCollectors><DataCollector friendlyName=\"blame\" enabled=\"True\"><Configuration><ResultsDirectory>C:\\Users\\joao.paes\\Documents\\work\\ApiEscola\\ApiCartao\\bin\\Debug\\netcoreapp3.1\\fine-code-coverage\\coverage-tool-output</ResultsDirectory></Configuration></DataCollector></DataCollectors></DataCollectionRunSettings></RunSettings>",
  "Sources": [
    "C:\\Users\\joao.paes\\Documents\\work\\ApiEscola\\ApiCartao\\bin\\Debug\\netcoreapp3.1\\fine-code-coverage\\build-output\\ApiEscola.dll"
  ],
  "IsTelemetryOptedIn": false
}
TpTrace Verbose: 0 : 26224, 1, 2021/07/09, 17:45:12.390, 15868322386572, datacollector.dll, TestPluginCache: Update extensions started. Skip filter = False
TpTrace Verbose: 0 : 26224, 1, 2021/07/09, 17:45:12.391, 15868322393941, datacollector.dll, TestPluginCache: Using directories for assembly resolution 'C:\Program Files\dotnet\sdk\5.0.201\Extensions'.
TpTrace Verbose: 0 : 26224, 1, 2021/07/09, 17:45:12.391, 15868322394685, datacollector.dll, TestPluginCache: Updated the available extensions to 'C:\Program Files\dotnet\sdk\5.0.201\Extensions\Microsoft.TestPlatform.Extensions.BlameDataCollector.dll,C:\Program Files\dotnet\sdk\5.0.201\Extensions\Microsoft.TestPlatform.Extensions.EventLogCollector.dll'.
TpTrace Verbose: 0 : 26224, 1, 2021/07/09, 17:45:12.398, 15868322471306, datacollector.dll, TestPluginCache.DiscoverTestExtensions: finding test extensions in assemblies ends with: Collector.dll TPluginInfo: Microsoft.VisualStudio.TestPlatform.Common.DataCollector.DataCollectorConfig TExtension: Microsoft.VisualStudio.TestPlatform.ObjectModel.DataCollection.DataCollector
TpTrace Verbose: 0 : 26224, 1, 2021/07/09, 17:45:12.399, 15868322475027, datacollector.dll, TestPluginCache.GetExtensionPaths: Filtered extension paths: C:\Program Files\dotnet\sdk\5.0.201\Extensions\Microsoft.TestPlatform.Extensions.BlameDataCollector.dll
C:\Program Files\dotnet\sdk\5.0.201\Extensions\Microsoft.TestPlatform.Extensions.EventLogCollector.dll
TpTrace Verbose: 0 : 26224, 1, 2021/07/09, 17:45:12.399, 15868322475705, datacollector.dll, TestPluginCache.GetExtensionPaths: Added default extension paths: 
TpTrace Verbose: 0 : 26224, 1, 2021/07/09, 17:45:12.399, 15868322476201, datacollector.dll, TestPluginCache.GetExtensionPaths: Added unfilterableExtensionPaths: 
TpTrace Information: 0 : 26224, 1, 2021/07/09, 17:45:12.399, 15868322482589, datacollector.dll, AssemblyResolver.ctor: Creating AssemblyResolver with searchDirectories C:\Program Files\dotnet\sdk\5.0.201\Extensions,C:\Program Files\dotnet\sdk\5.0.201
TpTrace Verbose: 0 : 26224, 1, 2021/07/09, 17:45:12.401, 15868322498372, datacollector.dll, TestPluginCache.DiscoverTestExtensions: Discovering the extensions using extension path.
TpTrace Verbose: 0 : 26224, 1, 2021/07/09, 17:45:12.401, 15868322500046, datacollector.dll, TestPluginCache.GetExtensionPaths: Filtered extension paths: C:\Program Files\dotnet\sdk\5.0.201\Extensions\Microsoft.TestPlatform.Extensions.BlameDataCollector.dll
C:\Program Files\dotnet\sdk\5.0.201\Extensions\Microsoft.TestPlatform.Extensions.EventLogCollector.dll
TpTrace Verbose: 0 : 26224, 1, 2021/07/09, 17:45:12.401, 15868322500538, datacollector.dll, TestPluginCache.GetExtensionPaths: Added default extension paths: 
TpTrace Verbose: 0 : 26224, 1, 2021/07/09, 17:45:12.401, 15868322500888, datacollector.dll, TestPluginCache.GetExtensionPaths: Added unfilterableExtensionPaths: 
TpTrace Verbose: 0 : 26224, 1, 2021/07/09, 17:45:12.401, 15868322501469, datacollector.dll, TestPluginCache.DiscoverTestExtensions: Discovering the extensions using allExtensionPaths: C:\Program Files\dotnet\sdk\5.0.201\Extensions\Microsoft.TestPlatform.Extensions.BlameDataCollector.dll
C:\Program Files\dotnet\sdk\5.0.201\Extensions\Microsoft.TestPlatform.Extensions.EventLogCollector.dll
TpTrace Information: 0 : 26224, 1, 2021/07/09, 17:45:12.401, 15868322502630, datacollector.dll, AssemblyResolver.AddSearchDirectories: Adding more searchDirectories C:\Program Files\dotnet\sdk\5.0.201\Extensions,C:\Program Files\dotnet\sdk\5.0.201
TpTrace Information: 0 : 26224, 1, 2021/07/09, 17:45:12.402, 15868322503275, datacollector.dll, AssemblyResolver.AddSearchDirectories: Adding more searchDirectories C:\Program Files\dotnet\sdk\5.0.201\Extensions,C:\Program Files\dotnet\sdk\5.0.201
TpTrace Information: 0 : 26224, 1, 2021/07/09, 17:45:12.402, 15868322508993, datacollector.dll, AssemblyResolver.OnResolve: Microsoft.TestPlatform.Extensions.BlameDataCollector: Resolving assembly.
TpTrace Information: 0 : 26224, 1, 2021/07/09, 17:45:12.403, 15868322519711, datacollector.dll, AssemblyResolver.OnResolve: Resolved assembly: Microsoft.TestPlatform.Extensions.BlameDataCollector, from path: C:\Program Files\dotnet\sdk\5.0.201\Extensions\Microsoft.TestPlatform.Extensions.BlameDataCollector.dll
TpTrace Error: 0 : 26224, 1, 2021/07/09, 17:45:12.405, 15868322533770, datacollector.dll, The type "Microsoft.TestPlatform.Extensions.BlameDataCollector.BlameCollector" defined in "Microsoft.TestPlatform.Extensions.BlameDataCollector.dll" does not have ExtensionUri attribute.
TpTrace Information: 0 : 26224, 1, 2021/07/09, 17:45:12.406, 15868322548652, datacollector.dll, AssemblyResolver.OnResolve: Microsoft.TestPlatform.Extensions.EventLogCollector: Resolving assembly.
TpTrace Information: 0 : 26224, 1, 2021/07/09, 17:45:12.407, 15868322555166, datacollector.dll, AssemblyResolver.OnResolve: Resolved assembly: Microsoft.TestPlatform.Extensions.EventLogCollector, from path: C:\Program Files\dotnet\sdk\5.0.201\Extensions\Microsoft.TestPlatform.Extensions.EventLogCollector.dll
TpTrace Error: 0 : 26224, 1, 2021/07/09, 17:45:12.409, 15868322580227, datacollector.dll, The type "Microsoft.TestPlatform.Extensions.EventLogCollector.EventLogDataCollector" defined in "Microsoft.TestPlatform.Extensions.EventLogCollector.dll" does not have ExtensionUri attribute.
TpTrace Verbose: 0 : 26224, 1, 2021/07/09, 17:45:12.410, 15868322584541, datacollector.dll, TestPluginCache: Discovered the extensions using extension path 'C:\Program Files\dotnet\sdk\5.0.201\Extensions\Microsoft.TestPlatform.Extensions.BlameDataCollector.dll,C:\Program Files\dotnet\sdk\5.0.201\Extensions\Microsoft.TestPlatform.Extensions.EventLogCollector.dll'.
TpTrace Verbose: 0 : 26224, 1, 2021/07/09, 17:45:12.410, 15868322585143, datacollector.dll, TestPluginCache: Discoverers are ''.
TpTrace Verbose: 0 : 26224, 1, 2021/07/09, 17:45:12.410, 15868322585632, datacollector.dll, TestPluginCache: Executors are ''.
TpTrace Verbose: 0 : 26224, 1, 2021/07/09, 17:45:12.410, 15868322586208, datacollector.dll, TestPluginCache: Executors2 are ''.
TpTrace Verbose: 0 : 26224, 1, 2021/07/09, 17:45:12.410, 15868322586698, datacollector.dll, TestPluginCache: Setting providers are ''.
TpTrace Verbose: 0 : 26224, 1, 2021/07/09, 17:45:12.410, 15868322587328, datacollector.dll, TestPluginCache: Loggers are ''.
TpTrace Information: 0 : 26224, 1, 2021/07/09, 17:45:12.412, 15868322602792, datacollector.dll, TestPluginManager.CreateTestExtension: Attempting to load test extension: Microsoft.TestPlatform.Extensions.BlameDataCollector.BlameCollector
TpTrace Error: 0 : 26224, 1, 2021/07/09, 17:45:12.412, 15868322608520, datacollector.dll, The type "Microsoft.TestPlatform.Extensions.BlameDataCollector.BlameCollector" defined in "Microsoft.TestPlatform.Extensions.BlameDataCollector.dll" does not have ExtensionUri attribute.
TpTrace Information: 0 : 26224, 1, 2021/07/09, 17:45:12.418, 15868322672352, datacollector.dll, Listening on Endpoint : 127.0.0.1:65363
TpTrace Information: 0 : 26224, 1, 2021/07/09, 17:45:12.427, 15868322755137, datacollector.dll, DataCollectionRequestHandler.ProcessRequests : DataCollection started.
TpTrace Information: 0 : 26224, 1, 2021/07/09, 17:45:12.496, 15868323448796, datacollector.dll, DataCollectionRequestHandler.ProcessRequests : Datacollector received message: (DataCollection.AfterTestRunEnd) -> false
