TpTrace Verbose: 0 : 14776, 1, 2021/07/09, 17:45:11.823, 15868316736100, vstest.console.dll, Version: 16.9.1
TpTrace Information: 0 : 14776, 1, 2021/07/09, 17:45:11.837, 15868316855197, vstest.console.dll, FilePatternParser: The given file C:\Users\joao.paes\Documents\work\ApiEscola\ApiCartao\bin\Debug\netcoreapp3.1\fine-code-coverage\build-output\ApiEscola.dll is a full path.
TpTrace Verbose: 0 : 14776, 1, 2021/07/09, 17:45:11.844, 15868316932527, vstest.console.dll, TestPluginCache.DiscoverTestExtensions: finding test extensions in assemblies ends with: RuntimeProvider.dll TPluginInfo: Microsoft.VisualStudio.TestPlatform.Common.ExtensionFramework.Utilities.TestRuntimePluginInformation TExtension: Microsoft.VisualStudio.TestPlatform.ObjectModel.Host.ITestRuntimeProvider
TpTrace Verbose: 0 : 14776, 1, 2021/07/09, 17:45:11.845, 15868316937887, vstest.console.dll, TestPluginCache.GetExtensionPaths: Filtered extension paths: 
TpTrace Verbose: 0 : 14776, 1, 2021/07/09, 17:45:11.845, 15868316938970, vstest.console.dll, TestPluginCache.GetExtensionPaths: Added default extension paths: C:\Program Files\dotnet\sdk\5.0.201\Extensions\Microsoft.Diagnostics.NETCore.Client.dll
C:\Program Files\dotnet\sdk\5.0.201\Extensions\Microsoft.TestPlatform.Extensions.BlameDataCollector.dll
C:\Program Files\dotnet\sdk\5.0.201\Extensions\Microsoft.TestPlatform.Extensions.EventLogCollector.dll
C:\Program Files\dotnet\sdk\5.0.201\Extensions\Microsoft.TestPlatform.TestHostRuntimeProvider.dll
C:\Program Files\dotnet\sdk\5.0.201\Extensions\Microsoft.VisualStudio.TestPlatform.Extensions.Html.TestLogger.dll
C:\Program Files\dotnet\sdk\5.0.201\Extensions\Microsoft.VisualStudio.TestPlatform.Extensions.Trx.TestLogger.dll
TpTrace Verbose: 0 : 14776, 1, 2021/07/09, 17:45:11.845, 15868316939406, vstest.console.dll, TestPluginCache.GetExtensionPaths: Added unfilterableExtensionPaths: 
TpTrace Information: 0 : 14776, 1, 2021/07/09, 17:45:11.846, 15868316947957, vstest.console.dll, AssemblyResolver.ctor: Creating AssemblyResolver with searchDirectories C:\Program Files\dotnet\sdk\5.0.201\Extensions,C:\Program Files\dotnet\sdk\5.0.201
TpTrace Verbose: 0 : 14776, 1, 2021/07/09, 17:45:11.847, 15868316959543, vstest.console.dll, TestPluginCache.DiscoverTestExtensions: Discovering the extensions using extension path.
TpTrace Verbose: 0 : 14776, 1, 2021/07/09, 17:45:11.847, 15868316960857, vstest.console.dll, TestPluginCache.GetExtensionPaths: Filtered extension paths: 
TpTrace Verbose: 0 : 14776, 1, 2021/07/09, 17:45:11.847, 15868316961416, vstest.console.dll, TestPluginCache.GetExtensionPaths: Added default extension paths: C:\Program Files\dotnet\sdk\5.0.201\Extensions\Microsoft.Diagnostics.NETCore.Client.dll
C:\Program Files\dotnet\sdk\5.0.201\Extensions\Microsoft.TestPlatform.Extensions.BlameDataCollector.dll
C:\Program Files\dotnet\sdk\5.0.201\Extensions\Microsoft.TestPlatform.Extensions.EventLogCollector.dll
C:\Program Files\dotnet\sdk\5.0.201\Extensions\Microsoft.TestPlatform.TestHostRuntimeProvider.dll
C:\Program Files\dotnet\sdk\5.0.201\Extensions\Microsoft.VisualStudio.TestPlatform.Extensions.Html.TestLogger.dll
C:\Program Files\dotnet\sdk\5.0.201\Extensions\Microsoft.VisualStudio.TestPlatform.Extensions.Trx.TestLogger.dll
TpTrace Verbose: 0 : 14776, 1, 2021/07/09, 17:45:11.847, 15868316961783, vstest.console.dll, TestPluginCache.GetExtensionPaths: Added unfilterableExtensionPaths: 
TpTrace Verbose: 0 : 14776, 1, 2021/07/09, 17:45:11.847, 15868316962486, vstest.console.dll, TestPluginCache.DiscoverTestExtensions: Discovering the extensions using allExtensionPaths: C:\Program Files\dotnet\sdk\5.0.201\Extensions\Microsoft.Diagnostics.NETCore.Client.dll
C:\Program Files\dotnet\sdk\5.0.201\Extensions\Microsoft.TestPlatform.Extensions.BlameDataCollector.dll
C:\Program Files\dotnet\sdk\5.0.201\Extensions\Microsoft.TestPlatform.Extensions.EventLogCollector.dll
C:\Program Files\dotnet\sdk\5.0.201\Extensions\Microsoft.TestPlatform.TestHostRuntimeProvider.dll
C:\Program Files\dotnet\sdk\5.0.201\Extensions\Microsoft.VisualStudio.TestPlatform.Extensions.Html.TestLogger.dll
C:\Program Files\dotnet\sdk\5.0.201\Extensions\Microsoft.VisualStudio.TestPlatform.Extensions.Trx.TestLogger.dll
TpTrace Information: 0 : 14776, 1, 2021/07/09, 17:45:11.848, 15868316964131, vstest.console.dll, AssemblyResolver.AddSearchDirectories: Adding more searchDirectories C:\Program Files\dotnet\sdk\5.0.201\Extensions,C:\Program Files\dotnet\sdk\5.0.201
TpTrace Information: 0 : 14776, 1, 2021/07/09, 17:45:11.848, 15868316965381, vstest.console.dll, AssemblyResolver.AddSearchDirectories: Adding more searchDirectories C:\Program Files\dotnet\sdk\5.0.201\Extensions,C:\Program Files\dotnet\sdk\5.0.201
TpTrace Information: 0 : 14776, 1, 2021/07/09, 17:45:11.848, 15868316966508, vstest.console.dll, AssemblyResolver.AddSearchDirectories: Adding more searchDirectories C:\Program Files\dotnet\sdk\5.0.201\Extensions,C:\Program Files\dotnet\sdk\5.0.201
TpTrace Information: 0 : 14776, 1, 2021/07/09, 17:45:11.848, 15868316967182, vstest.console.dll, AssemblyResolver.AddSearchDirectories: Adding more searchDirectories C:\Program Files\dotnet\sdk\5.0.201\Extensions,C:\Program Files\dotnet\sdk\5.0.201
TpTrace Information: 0 : 14776, 1, 2021/07/09, 17:45:11.848, 15868316967807, vstest.console.dll, AssemblyResolver.AddSearchDirectories: Adding more searchDirectories C:\Program Files\dotnet\sdk\5.0.201\Extensions,C:\Program Files\dotnet\sdk\5.0.201
TpTrace Information: 0 : 14776, 1, 2021/07/09, 17:45:11.848, 15868316968347, vstest.console.dll, AssemblyResolver.AddSearchDirectories: Adding more searchDirectories C:\Program Files\dotnet\sdk\5.0.201\Extensions,C:\Program Files\dotnet\sdk\5.0.201
TpTrace Information: 0 : 14776, 1, 2021/07/09, 17:45:11.849, 15868316975230, vstest.console.dll, AssemblyResolver.OnResolve: Microsoft.Diagnostics.NETCore.Client: Resolving assembly.
TpTrace Information: 0 : 14776, 1, 2021/07/09, 17:45:11.850, 15868316990061, vstest.console.dll, AssemblyResolver.OnResolve: Resolved assembly: Microsoft.Diagnostics.NETCore.Client, from path: C:\Program Files\dotnet\sdk\5.0.201\Extensions\Microsoft.Diagnostics.NETCore.Client.dll
TpTrace Information: 0 : 14776, 1, 2021/07/09, 17:45:11.854, 15868317026852, vstest.console.dll, AssemblyResolver.OnResolve: Microsoft.Bcl.AsyncInterfaces: Resolving assembly.
TpTrace Information: 0 : 14776, 1, 2021/07/09, 17:45:11.854, 15868317029745, vstest.console.dll, AssemblyResolver.OnResolve: Microsoft.Bcl.AsyncInterfaces: Failed to load assembly.
TpTrace Verbose: 0 : 14776, 1, 2021/07/09, 17:45:11.854, 15868317030368, vstest.console.dll, CurrentDomain_AssemblyResolve: Resolving assembly 'Microsoft.Bcl.AsyncInterfaces'.
TpTrace Information: 0 : 14776, 1, 2021/07/09, 17:45:11.854, 15868317031091, vstest.console.dll, AssemblyResolver.OnResolve: Microsoft.Bcl.AsyncInterfaces: Resolving assembly.
TpTrace Information: 0 : 14776, 1, 2021/07/09, 17:45:11.854, 15868317031565, vstest.console.dll, AssemblyResolver.OnResolve: Microsoft.Bcl.AsyncInterfaces: Resolved from cache.
TpTrace Verbose: 0 : 14776, 1, 2021/07/09, 17:45:11.854, 15868317031931, vstest.console.dll, CurrentDomain_AssemblyResolve: Resolving assembly 'Microsoft.Bcl.AsyncInterfaces'.
TpTrace Verbose: 0 : 14776, 1, 2021/07/09, 17:45:11.854, 15868317032460, vstest.console.dll, CurrentDomainAssemblyResolve: Failed to resolve assembly 'Microsoft.Bcl.AsyncInterfaces'.
TpTrace Verbose: 0 : 14776, 1, 2021/07/09, 17:45:11.855, 15868317037485, vstest.console.dll, CurrentDomainAssemblyResolve: Failed to resolve assembly 'Microsoft.Bcl.AsyncInterfaces'.
TpTrace Warning: 0 : 14776, 1, 2021/07/09, 17:45:11.872, 15868317205508, vstest.console.dll, TestPluginDiscoverer: Failed to get types from assembly 'Microsoft.Diagnostics.NETCore.Client, Version=0.2.2.41902, Culture=neutral, PublicKeyToken=31bf3856ad364e35'.  Skipping test extension scan for this assembly.  Error: System.Reflection.ReflectionTypeLoadException: Unable to load one or more of the requested types.
Could not load file or assembly 'Microsoft.Bcl.AsyncInterfaces, Version=1.0.0.0, Culture=neutral, PublicKeyToken=cc7b13ffcd2ddd51'. O sistema não pode encontrar o arquivo especificado.
   at System.Reflection.RuntimeModule.GetTypes(RuntimeModule module)
   at System.Reflection.RuntimeModule.GetTypes()
   at System.Reflection.Assembly.GetTypes()
   at Microsoft.VisualStudio.TestPlatform.Common.ExtensionFramework.TestPluginDiscoverer.GetTestExtensionsFromAssembly[TPluginInfo,TExtension](Assembly assembly, Dictionary`2 pluginInfos)
System.IO.FileNotFoundException: Could not load file or assembly 'Microsoft.Bcl.AsyncInterfaces, Version=1.0.0.0, Culture=neutral, PublicKeyToken=cc7b13ffcd2ddd51'. O sistema não pode encontrar o arquivo especificado.
File name: 'Microsoft.Bcl.AsyncInterfaces, Version=1.0.0.0, Culture=neutral, PublicKeyToken=cc7b13ffcd2ddd51'
TpTrace Warning: 0 : 14776, 1, 2021/07/09, 17:45:11.872, 15868317208314, vstest.console.dll, LoaderExceptions: System.IO.FileNotFoundException: Could not load file or assembly 'Microsoft.Bcl.AsyncInterfaces, Version=1.0.0.0, Culture=neutral, PublicKeyToken=cc7b13ffcd2ddd51'. O sistema não pode encontrar o arquivo especificado.
File name: 'Microsoft.Bcl.AsyncInterfaces, Version=1.0.0.0, Culture=neutral, PublicKeyToken=cc7b13ffcd2ddd51'
TpTrace Information: 0 : 14776, 1, 2021/07/09, 17:45:11.872, 15868317209610, vstest.console.dll, AssemblyResolver.OnResolve: Microsoft.TestPlatform.Extensions.BlameDataCollector: Resolving assembly.
TpTrace Information: 0 : 14776, 1, 2021/07/09, 17:45:11.873, 15868317217459, vstest.console.dll, AssemblyResolver.OnResolve: Resolved assembly: Microsoft.TestPlatform.Extensions.BlameDataCollector, from path: C:\Program Files\dotnet\sdk\5.0.201\Extensions\Microsoft.TestPlatform.Extensions.BlameDataCollector.dll
TpTrace Information: 0 : 14776, 1, 2021/07/09, 17:45:11.874, 15868317224362, vstest.console.dll, AssemblyResolver.OnResolve: Microsoft.TestPlatform.Extensions.EventLogCollector: Resolving assembly.
TpTrace Information: 0 : 14776, 1, 2021/07/09, 17:45:11.874, 15868317230326, vstest.console.dll, AssemblyResolver.OnResolve: Resolved assembly: Microsoft.TestPlatform.Extensions.EventLogCollector, from path: C:\Program Files\dotnet\sdk\5.0.201\Extensions\Microsoft.TestPlatform.Extensions.EventLogCollector.dll
TpTrace Information: 0 : 14776, 1, 2021/07/09, 17:45:11.876, 15868317246264, vstest.console.dll, AssemblyResolver.OnResolve: Microsoft.TestPlatform.TestHostRuntimeProvider: Resolving assembly.
TpTrace Information: 0 : 14776, 1, 2021/07/09, 17:45:11.877, 15868317253293, vstest.console.dll, AssemblyResolver.OnResolve: Resolved assembly: Microsoft.TestPlatform.TestHostRuntimeProvider, from path: C:\Program Files\dotnet\sdk\5.0.201\Extensions\Microsoft.TestPlatform.TestHostRuntimeProvider.dll
TpTrace Information: 0 : 14776, 1, 2021/07/09, 17:45:11.878, 15868317264969, vstest.console.dll, AssemblyResolver.OnResolve: Microsoft.VisualStudio.TestPlatform.Extensions.Html.TestLogger: Resolving assembly.
TpTrace Information: 0 : 14776, 1, 2021/07/09, 17:45:11.878, 15868317272656, vstest.console.dll, AssemblyResolver.OnResolve: Resolved assembly: Microsoft.VisualStudio.TestPlatform.Extensions.Html.TestLogger, from path: C:\Program Files\dotnet\sdk\5.0.201\Extensions\Microsoft.VisualStudio.TestPlatform.Extensions.Html.TestLogger.dll
TpTrace Information: 0 : 14776, 1, 2021/07/09, 17:45:11.879, 15868317276365, vstest.console.dll, AssemblyResolver.OnResolve: Microsoft.VisualStudio.TestPlatform.Extensions.Trx.TestLogger: Resolving assembly.
TpTrace Information: 0 : 14776, 1, 2021/07/09, 17:45:11.880, 15868317285330, vstest.console.dll, AssemblyResolver.OnResolve: Resolved assembly: Microsoft.VisualStudio.TestPlatform.Extensions.Trx.TestLogger, from path: C:\Program Files\dotnet\sdk\5.0.201\Extensions\Microsoft.VisualStudio.TestPlatform.Extensions.Trx.TestLogger.dll
TpTrace Verbose: 0 : 14776, 1, 2021/07/09, 17:45:11.881, 15868317293672, vstest.console.dll, TestPluginCache: Discovered the extensions using extension path ''.
TpTrace Verbose: 0 : 14776, 1, 2021/07/09, 17:45:11.881, 15868317294601, vstest.console.dll, TestPluginCache: Discoverers are ''.
TpTrace Verbose: 0 : 14776, 1, 2021/07/09, 17:45:11.881, 15868317294973, vstest.console.dll, TestPluginCache: Executors are ''.
TpTrace Verbose: 0 : 14776, 1, 2021/07/09, 17:45:11.881, 15868317295362, vstest.console.dll, TestPluginCache: Executors2 are ''.
TpTrace Verbose: 0 : 14776, 1, 2021/07/09, 17:45:11.881, 15868317295699, vstest.console.dll, TestPluginCache: Setting providers are ''.
TpTrace Verbose: 0 : 14776, 1, 2021/07/09, 17:45:11.881, 15868317296009, vstest.console.dll, TestPluginCache: Loggers are ''.
TpTrace Information: 0 : 14776, 1, 2021/07/09, 17:45:11.886, 15868317345543, vstest.console.dll, RunTestsArgumentProcessor:Execute: Test run is starting.
TpTrace Verbose: 0 : 14776, 1, 2021/07/09, 17:45:11.886, 15868317346543, vstest.console.dll, RunTestsArgumentProcessor:Execute: Queuing Test run.
TpTrace Information: 0 : 14776, 1, 2021/07/09, 17:45:11.886, 15868317348350, vstest.console.dll, TestRequestManager.RunTests: run tests started.
TpTrace Information: 0 : 14776, 1, 2021/07/09, 17:45:11.915, 15868317642034, vstest.console.dll, AssemblyMetadataProvider.GetFrameWork: Determined framework:'.NETCoreApp,Version=v3.1' for source: 'C:\Users\joao.paes\Documents\work\ApiEscola\ApiCartao\bin\Debug\netcoreapp3.1\fine-code-coverage\build-output\ApiEscola.dll'
TpTrace Information: 0 : 14776, 1, 2021/07/09, 17:45:11.916, 15868317645353, vstest.console.dll, Determined framework for all sources: .NETCoreApp,Version=v3.1
TpTrace Information: 0 : 14776, 1, 2021/07/09, 17:45:11.916, 15868317651734, vstest.console.dll, AssemblyMetadataProvider.GetArchitecture: Determined architecture:AnyCPU info for assembly: C:\Users\joao.paes\Documents\work\ApiEscola\ApiCartao\bin\Debug\netcoreapp3.1\fine-code-coverage\build-output\ApiEscola.dll
TpTrace Information: 0 : 14776, 1, 2021/07/09, 17:45:11.918, 15868317671113, vstest.console.dll, Determined platform for all sources: X64
TpTrace Information: 0 : 14776, 1, 2021/07/09, 17:45:11.921, 15868317700201, vstest.console.dll, Compatible sources list : 
TpTrace Information: 0 : 14776, 1, 2021/07/09, 17:45:11.921, 15868317701243, vstest.console.dll, C:\Users\joao.paes\Documents\work\ApiEscola\ApiCartao\bin\Debug\netcoreapp3.1\fine-code-coverage\build-output\ApiEscola.dll
TpTrace Information: 0 : 14776, 1, 2021/07/09, 17:45:11.923, 15868317721225, vstest.console.dll, InferRunSettingsHelper.IsTestSettingsEnabled: Unable to navigate to RunSettings/MSTest. Current node: RunSettings
TpTrace Information: 0 : 14776, 1, 2021/07/09, 17:45:11.924, 15868317727768, vstest.console.dll, AssemblyResolver.OnResolve: Microsoft.VisualStudio.TestPlatform.Fakes: Resolving assembly.
TpTrace Information: 0 : 14776, 1, 2021/07/09, 17:45:11.924, 15868317730677, vstest.console.dll, AssemblyResolver.OnResolve: Microsoft.VisualStudio.TestPlatform.Fakes: Failed to load assembly.
TpTrace Information: 0 : 14776, 1, 2021/07/09, 17:45:11.925, 15868317734245, vstest.console.dll, Failed to create newly implemented Fakes Configurator. Reason:System.IO.FileNotFoundException: Could not load file or assembly 'Microsoft.VisualStudio.TestPlatform.Fakes, Version=16.0.0.0, Culture=neutral, PublicKeyToken=null'. O sistema não pode encontrar o arquivo especificado.
File name: 'Microsoft.VisualStudio.TestPlatform.Fakes, Version=16.0.0.0, Culture=neutral, PublicKeyToken=null'
   at System.Reflection.RuntimeAssembly.InternalLoad(ObjectHandleOnStack assemblyName, ObjectHandleOnStack requestingAssembly, StackCrawlMarkHandle stackMark, Boolean throwOnFileNotFound, ObjectHandleOnStack assemblyLoadContext, ObjectHandleOnStack retAssembly)
   at System.Reflection.RuntimeAssembly.InternalLoad(AssemblyName assemblyName, RuntimeAssembly requestingAssembly, StackCrawlMark& stackMark, Boolean throwOnFileNotFound, AssemblyLoadContext assemblyLoadContext)
   at System.Reflection.Assembly.Load(AssemblyName assemblyRef)
   at Microsoft.VisualStudio.TestPlatform.Common.Utilities.FakesUtilities.TryGetFakesCrossPlatformDataCollectorConfigurator() 
TpTrace Verbose: 0 : 14776, 1, 2021/07/09, 17:45:11.929, 15868317782009, vstest.console.dll, TestPluginCache.DiscoverTestExtensions: finding test extensions in assemblies ends with: TestLogger.dll TPluginInfo: Microsoft.VisualStudio.TestPlatform.Common.ExtensionFramework.Utilities.TestLoggerPluginInformation TExtension: Microsoft.VisualStudio.TestPlatform.ObjectModel.Client.ITestLogger
TpTrace Verbose: 0 : 14776, 1, 2021/07/09, 17:45:11.930, 15868317784364, vstest.console.dll, TestPluginCache.GetExtensionPaths: Filtered extension paths: 
TpTrace Verbose: 0 : 14776, 1, 2021/07/09, 17:45:11.930, 15868317785147, vstest.console.dll, TestPluginCache.GetExtensionPaths: Added default extension paths: C:\Program Files\dotnet\sdk\5.0.201\Extensions\Microsoft.Diagnostics.NETCore.Client.dll
C:\Program Files\dotnet\sdk\5.0.201\Extensions\Microsoft.TestPlatform.Extensions.BlameDataCollector.dll
C:\Program Files\dotnet\sdk\5.0.201\Extensions\Microsoft.TestPlatform.Extensions.EventLogCollector.dll
C:\Program Files\dotnet\sdk\5.0.201\Extensions\Microsoft.TestPlatform.TestHostRuntimeProvider.dll
C:\Program Files\dotnet\sdk\5.0.201\Extensions\Microsoft.VisualStudio.TestPlatform.Extensions.Html.TestLogger.dll
C:\Program Files\dotnet\sdk\5.0.201\Extensions\Microsoft.VisualStudio.TestPlatform.Extensions.Trx.TestLogger.dll
TpTrace Verbose: 0 : 14776, 1, 2021/07/09, 17:45:11.930, 15868317785867, vstest.console.dll, TestPluginCache.GetExtensionPaths: Added unfilterableExtensionPaths: 
TpTrace Information: 0 : 14776, 1, 2021/07/09, 17:45:11.930, 15868317788626, vstest.console.dll, AssemblyResolver.AddSearchDirectories: Adding more searchDirectories C:\Program Files\dotnet\sdk\5.0.201\Extensions,C:\Program Files\dotnet\sdk\5.0.201
TpTrace Verbose: 0 : 14776, 1, 2021/07/09, 17:45:11.930, 15868317789539, vstest.console.dll, TestPluginCache.DiscoverTestExtensions: Discovering the extensions using extension path.
TpTrace Verbose: 0 : 14776, 1, 2021/07/09, 17:45:11.930, 15868317790271, vstest.console.dll, TestPluginCache.GetExtensionPaths: Filtered extension paths: 
TpTrace Verbose: 0 : 14776, 1, 2021/07/09, 17:45:11.930, 15868317790895, vstest.console.dll, TestPluginCache.GetExtensionPaths: Added default extension paths: C:\Program Files\dotnet\sdk\5.0.201\Extensions\Microsoft.Diagnostics.NETCore.Client.dll
C:\Program Files\dotnet\sdk\5.0.201\Extensions\Microsoft.TestPlatform.Extensions.BlameDataCollector.dll
C:\Program Files\dotnet\sdk\5.0.201\Extensions\Microsoft.TestPlatform.Extensions.EventLogCollector.dll
C:\Program Files\dotnet\sdk\5.0.201\Extensions\Microsoft.TestPlatform.TestHostRuntimeProvider.dll
C:\Program Files\dotnet\sdk\5.0.201\Extensions\Microsoft.VisualStudio.TestPlatform.Extensions.Html.TestLogger.dll
C:\Program Files\dotnet\sdk\5.0.201\Extensions\Microsoft.VisualStudio.TestPlatform.Extensions.Trx.TestLogger.dll
TpTrace Verbose: 0 : 14776, 1, 2021/07/09, 17:45:11.930, 15868317791496, vstest.console.dll, TestPluginCache.GetExtensionPaths: Added unfilterableExtensionPaths: 
TpTrace Verbose: 0 : 14776, 1, 2021/07/09, 17:45:11.930, 15868317791903, vstest.console.dll, TestPluginCache.DiscoverTestExtensions: Discovering the extensions using allExtensionPaths: C:\Program Files\dotnet\sdk\5.0.201\Extensions\Microsoft.Diagnostics.NETCore.Client.dll
C:\Program Files\dotnet\sdk\5.0.201\Extensions\Microsoft.TestPlatform.Extensions.BlameDataCollector.dll
C:\Program Files\dotnet\sdk\5.0.201\Extensions\Microsoft.TestPlatform.Extensions.EventLogCollector.dll
C:\Program Files\dotnet\sdk\5.0.201\Extensions\Microsoft.TestPlatform.TestHostRuntimeProvider.dll
C:\Program Files\dotnet\sdk\5.0.201\Extensions\Microsoft.VisualStudio.TestPlatform.Extensions.Html.TestLogger.dll
C:\Program Files\dotnet\sdk\5.0.201\Extensions\Microsoft.VisualStudio.TestPlatform.Extensions.Trx.TestLogger.dll
TpTrace Information: 0 : 14776, 1, 2021/07/09, 17:45:11.930, 15868317792510, vstest.console.dll, AssemblyResolver.AddSearchDirectories: Adding more searchDirectories C:\Program Files\dotnet\sdk\5.0.201\Extensions,C:\Program Files\dotnet\sdk\5.0.201
TpTrace Information: 0 : 14776, 1, 2021/07/09, 17:45:11.931, 15868317792905, vstest.console.dll, AssemblyResolver.AddSearchDirectories: Adding more searchDirectories C:\Program Files\dotnet\sdk\5.0.201\Extensions,C:\Program Files\dotnet\sdk\5.0.201
TpTrace Information: 0 : 14776, 1, 2021/07/09, 17:45:11.931, 15868317793755, vstest.console.dll, AssemblyResolver.AddSearchDirectories: Adding more searchDirectories C:\Program Files\dotnet\sdk\5.0.201\Extensions,C:\Program Files\dotnet\sdk\5.0.201
TpTrace Information: 0 : 14776, 1, 2021/07/09, 17:45:11.931, 15868317794335, vstest.console.dll, AssemblyResolver.AddSearchDirectories: Adding more searchDirectories C:\Program Files\dotnet\sdk\5.0.201\Extensions,C:\Program Files\dotnet\sdk\5.0.201
TpTrace Information: 0 : 14776, 1, 2021/07/09, 17:45:11.931, 15868317794701, vstest.console.dll, AssemblyResolver.AddSearchDirectories: Adding more searchDirectories C:\Program Files\dotnet\sdk\5.0.201\Extensions,C:\Program Files\dotnet\sdk\5.0.201
TpTrace Information: 0 : 14776, 1, 2021/07/09, 17:45:11.931, 15868317795049, vstest.console.dll, AssemblyResolver.AddSearchDirectories: Adding more searchDirectories C:\Program Files\dotnet\sdk\5.0.201\Extensions,C:\Program Files\dotnet\sdk\5.0.201
TpTrace Information: 0 : 14776, 1, 2021/07/09, 17:45:11.931, 15868317798057, vstest.console.dll, AssemblyResolver.OnResolve: Microsoft.Bcl.AsyncInterfaces: Resolving assembly.
TpTrace Information: 0 : 14776, 1, 2021/07/09, 17:45:11.931, 15868317798558, vstest.console.dll, AssemblyResolver.OnResolve: Microsoft.Bcl.AsyncInterfaces: Resolved from cache.
TpTrace Verbose: 0 : 14776, 1, 2021/07/09, 17:45:11.931, 15868317798926, vstest.console.dll, CurrentDomain_AssemblyResolve: Resolving assembly 'Microsoft.Bcl.AsyncInterfaces'.
TpTrace Information: 0 : 14776, 1, 2021/07/09, 17:45:11.931, 15868317799542, vstest.console.dll, AssemblyResolver.OnResolve: Microsoft.Bcl.AsyncInterfaces: Resolving assembly.
TpTrace Information: 0 : 14776, 1, 2021/07/09, 17:45:11.931, 15868317799904, vstest.console.dll, AssemblyResolver.OnResolve: Microsoft.Bcl.AsyncInterfaces: Resolved from cache.
TpTrace Verbose: 0 : 14776, 1, 2021/07/09, 17:45:11.931, 15868317800318, vstest.console.dll, CurrentDomain_AssemblyResolve: Resolving assembly 'Microsoft.Bcl.AsyncInterfaces'.
TpTrace Verbose: 0 : 14776, 1, 2021/07/09, 17:45:11.931, 15868317800643, vstest.console.dll, CurrentDomainAssemblyResolve: Failed to resolve assembly 'Microsoft.Bcl.AsyncInterfaces'.
TpTrace Verbose: 0 : 14776, 1, 2021/07/09, 17:45:11.931, 15868317802148, vstest.console.dll, CurrentDomainAssemblyResolve: Failed to resolve assembly 'Microsoft.Bcl.AsyncInterfaces'.
TpTrace Warning: 0 : 14776, 1, 2021/07/09, 17:45:11.932, 15868317805004, vstest.console.dll, TestPluginDiscoverer: Failed to get types from assembly 'Microsoft.Diagnostics.NETCore.Client, Version=0.2.2.41902, Culture=neutral, PublicKeyToken=31bf3856ad364e35'.  Skipping test extension scan for this assembly.  Error: System.Reflection.ReflectionTypeLoadException: Unable to load one or more of the requested types.
Could not load file or assembly 'Microsoft.Bcl.AsyncInterfaces, Version=1.0.0.0, Culture=neutral, PublicKeyToken=cc7b13ffcd2ddd51'. O sistema não pode encontrar o arquivo especificado.
   at System.Reflection.RuntimeModule.GetTypes(RuntimeModule module)
   at System.Reflection.RuntimeModule.GetTypes()
   at System.Reflection.Assembly.GetTypes()
   at Microsoft.VisualStudio.TestPlatform.Common.ExtensionFramework.TestPluginDiscoverer.GetTestExtensionsFromAssembly[TPluginInfo,TExtension](Assembly assembly, Dictionary`2 pluginInfos)
System.IO.FileNotFoundException: Could not load file or assembly 'Microsoft.Bcl.AsyncInterfaces, Version=1.0.0.0, Culture=neutral, PublicKeyToken=cc7b13ffcd2ddd51'. O sistema não pode encontrar o arquivo especificado.
File name: 'Microsoft.Bcl.AsyncInterfaces, Version=1.0.0.0, Culture=neutral, PublicKeyToken=cc7b13ffcd2ddd51'
TpTrace Warning: 0 : 14776, 1, 2021/07/09, 17:45:11.932, 15868317805531, vstest.console.dll, LoaderExceptions: System.IO.FileNotFoundException: Could not load file or assembly 'Microsoft.Bcl.AsyncInterfaces, Version=1.0.0.0, Culture=neutral, PublicKeyToken=cc7b13ffcd2ddd51'. O sistema não pode encontrar o arquivo especificado.
File name: 'Microsoft.Bcl.AsyncInterfaces, Version=1.0.0.0, Culture=neutral, PublicKeyToken=cc7b13ffcd2ddd51'
TpTrace Verbose: 0 : 14776, 1, 2021/07/09, 17:45:11.932, 15868317809665, vstest.console.dll, TestPluginCache: Discovered the extensions using extension path ''.
TpTrace Verbose: 0 : 14776, 1, 2021/07/09, 17:45:11.932, 15868317810263, vstest.console.dll, TestPluginCache: Discoverers are ''.
TpTrace Verbose: 0 : 14776, 1, 2021/07/09, 17:45:11.932, 15868317810600, vstest.console.dll, TestPluginCache: Executors are ''.
TpTrace Verbose: 0 : 14776, 1, 2021/07/09, 17:45:11.932, 15868317810898, vstest.console.dll, TestPluginCache: Executors2 are ''.
TpTrace Verbose: 0 : 14776, 1, 2021/07/09, 17:45:11.932, 15868317811196, vstest.console.dll, TestPluginCache: Setting providers are ''.
TpTrace Verbose: 0 : 14776, 1, 2021/07/09, 17:45:11.932, 15868317811906, vstest.console.dll, TestPluginCache: Loggers are 'logger://Microsoft/TestPlatform/Extensions/Blame/v1,logger://Microsoft/TestPlatform/HtmlLogger/v1,logger://Microsoft/TestPlatform/TrxLogger/v1'.
TpTrace Information: 0 : 14776, 1, 2021/07/09, 17:45:11.933, 15868317818166, vstest.console.dll, TestPluginManager.CreateTestExtension: Attempting to load test extension: Microsoft.TestPlatform.Extensions.BlameDataCollector.BlameLogger
TpTrace Information: 0 : 14776, 1, 2021/07/09, 17:45:11.943, 15868317913923, vstest.console.dll, TestPluginManager.CreateTestExtension: Attempting to load test extension: Microsoft.VisualStudio.TestPlatform.CrossPlatEngine.Hosting.DefaultTestHostManager
TpTrace Information: 0 : 14776, 1, 2021/07/09, 17:45:11.943, 15868317916865, vstest.console.dll, TestPluginManager.CreateTestExtension: Attempting to load test extension: Microsoft.VisualStudio.TestPlatform.CrossPlatEngine.Hosting.DotnetTestHostManager
TpTrace Verbose: 0 : 14776, 1, 2021/07/09, 17:45:11.944, 15868317923296, vstest.console.dll, TestEngine: Initializing Parallel Execution as MaxCpuCount is set to: 1
TpTrace Information: 0 : 14776, 1, 2021/07/09, 17:45:11.944, 15868317931213, vstest.console.dll, InferRunSettingsHelper.IsTestSettingsEnabled: Unable to navigate to RunSettings/MSTest. Current node: RunSettings
TpTrace Verbose: 0 : 14776, 1, 2021/07/09, 17:45:11.959, 15868318076524, vstest.console.dll, TestRequestSender is acting as server
TpTrace Verbose: 0 : 14776, 4, 2021/07/09, 17:45:11.963, 15868318117645, vstest.console.dll, DataCollectionRequestSender.InitializeCommunication : Initialize communication. 
TpTrace Information: 0 : 14776, 4, 2021/07/09, 17:45:11.978, 15868318266119, vstest.console.dll, Listening on Endpoint : 127.0.0.1:65361
TpTrace Verbose: 0 : 14776, 4, 2021/07/09, 17:45:11.992, 15868318407321, vstest.console.dll, DotnetDataCollectionLauncher: Full path of dotnet.exe is C:\Program Files\dotnet\dotnet.exe
TpTrace Verbose: 0 : 14776, 4, 2021/07/09, 17:45:11.992, 15868318409542, vstest.console.dll, DotnetDataCollectionLauncher: Adding  --runtimeconfig "C:\Program Files\dotnet\sdk\5.0.201\datacollector.runtimeconfig.json" in args
TpTrace Verbose: 0 : 14776, 4, 2021/07/09, 17:45:11.992, 15868318410621, vstest.console.dll, DotnetDataCollectionLauncher: Adding  --depsfile "C:\Program Files\dotnet\sdk\5.0.201\datacollector.deps.json" in args
TpTrace Information: 0 : 14776, 4, 2021/07/09, 17:45:12.008, 15868318571490, vstest.console.dll, ProxyDataCollectionManager.Initialize: Launched datacollector processId: 26224 port: 65361
TpTrace Information: 0 : 14776, 4, 2021/07/09, 17:45:12.009, 15868318573336, vstest.console.dll, ProxyDataCollectionManager.Initialize: waiting for connection with timeout: 90 seconds
TpTrace Verbose: 0 : 14776, 4, 2021/07/09, 17:45:12.009, 15868318574397, vstest.console.dll, DataCollectionRequestSender.WaitForRequestHandlerConnection : Waiting for connection with timeout: 90000
TpTrace Verbose: 0 : 14776, 4, 2021/07/09, 17:45:12.250, 15868320986024, vstest.console.dll, ProxyDataCollectionManager.InvokeDataCollectionServiceAction: Starting.
TpTrace Information: 0 : 14776, 7, 2021/07/09, 17:45:12.250, 15868320985974, vstest.console.dll, Using the buffer size of 16384 bytes
TpTrace Information: 0 : 14776, 4, 2021/07/09, 17:45:12.250, 15868320988783, vstest.console.dll, ProxyDataCollectionManager.BeforeTestRunStart: Get environment variable and port for datacollector processId: 26224 port: 65361
TpTrace Information: 0 : 14776, 7, 2021/07/09, 17:45:12.250, 15868320989635, vstest.console.dll, Accepted Client request and set the flag
TpTrace Verbose: 0 : 14776, 4, 2021/07/09, 17:45:12.250, 15868320990777, vstest.console.dll, DataCollectionRequestSender.SendBeforeTestRunStartAndGetResult : Send BeforeTestRunStart message with settingsXml <RunSettings><RunConfiguration><ResultsDirectory>C:\Users\joao.paes\Documents\work\ApiEscola\ApiCartao\bin\Debug\netcoreapp3.1\fine-code-coverage\coverage-tool-output</ResultsDirectory><TargetPlatform>X64</TargetPlatform><TargetFrameworkVersion>.NETCoreApp,Version=v3.1</TargetFrameworkVersion><DesignMode>False</DesignMode><CollectSourceInformation>False</CollectSourceInformation><TestAdaptersPaths>C:\Program Files\dotnet\sdk\5.0.201\Extensions</TestAdaptersPaths></RunConfiguration><LoggerRunSettings><Loggers><Logger friendlyName="blame" enabled="True" /><Logger friendlyName="Console" uri="logger://microsoft/TestPlatform/ConsoleLogger/v1" assemblyQualifiedName="Microsoft.VisualStudio.TestPlatform.CommandLine.Internal.ConsoleLogger, vstest.console, Version=15.0.0.0, Culture=neutral, PublicKeyToken=b03f5f7f11d50a3a" codeBase="C:\Program Files\dotnet\sdk\5.0.201\vstest.console.dll" enabled="True" /></Loggers></LoggerRunSettings><DataCollectionRunSettings><DataCollectors><DataCollector friendlyName="blame" enabled="True"><Configuration><ResultsDirectory>C:\Users\joao.paes\Documents\work\ApiEscola\ApiCartao\bin\Debug\netcoreapp3.1\fine-code-coverage\coverage-tool-output</ResultsDirectory></Configuration></DataCollector></DataCollectors></DataCollectionRunSettings></RunSettings> and sources System.Linq.Enumerable+Concat2Iterator`1[System.String]: 
TpTrace Verbose: 0 : 14776, 4, 2021/07/09, 17:45:12.345, 15868321937616, vstest.console.dll, DataCollectionRequestSender.SendBeforeTestRunStartAndGetResult : Received message: (DataCollection.SendMessage) -> {
  "FriendlyName": null,
  "Uri": null,
  "TestCaseId": "00000000-0000-0000-0000-000000000000",
  "Message": "Logging DataCollector Diagnostics in file: C:\\Users\\joao.paes\\Documents\\work\\ApiEscola\\ApiCartao\\bin\\Debug\\netcoreapp3.1\\fine-code-coverage\\coverage-tool-output\\diagnostics.datacollector.21-07-09_17-45-11_98613_4.log",
  "Level": 0
}
TpTrace Verbose: 0 : 14776, 4, 2021/07/09, 17:45:12.427, 15868322757163, vstest.console.dll, DataCollectionRequestSender.SendBeforeTestRunStartAndGetResult : Received message: (DataCollection.BeforeTestRunStartResult) -> {
  "EnvironmentVariables": {},
  "DataCollectionEventsPort": 65363
}
TpTrace Information: 0 : 14776, 4, 2021/07/09, 17:45:12.431, 15868322802188, vstest.console.dll, ProxyDataCollectionManager.BeforeTestRunStart: SendBeforeTestRunStartAndGetResult successful, env variable from datacollector:   and testhost port: 65363
TpTrace Information: 0 : 14776, 4, 2021/07/09, 17:45:12.432, 15868322803413, vstest.console.dll, ProxyDataCollectionManager.InvokeDataCollectionServiceAction: Completed.
TpTrace Verbose: 0 : 14776, 1, 2021/07/09, 17:45:12.432, 15868322804701, vstest.console.dll, TestRunRequest.ExecuteAsync: Creating test run request.
TpTrace Verbose: 0 : 14776, 1, 2021/07/09, 17:45:12.432, 15868322807305, vstest.console.dll, TestRunRequest.ExecuteAsync: Starting.
TpTrace Information: 0 : 14776, 1, 2021/07/09, 17:45:12.432, 15868322810103, vstest.console.dll, TestRunRequest.ExecuteAsync: Starting run with settings:TestRunCriteria:
   KeepAlive=False,FrequencyOfRunStatsChangeEvent=10,RunStatsChangeEventTimeout=00:00:01.5000000,TestCaseFilter=,TestExecutorLauncher=
   Settingsxml=<RunSettings>
  <RunConfiguration>
    <ResultsDirectory>C:\Users\joao.paes\Documents\work\ApiEscola\ApiCartao\bin\Debug\netcoreapp3.1\fine-code-coverage\coverage-tool-output</ResultsDirectory>
    <TargetPlatform>X64</TargetPlatform>
    <TargetFrameworkVersion>.NETCoreApp,Version=v3.1</TargetFrameworkVersion>
    <DesignMode>False</DesignMode>
    <CollectSourceInformation>False</CollectSourceInformation>
  </RunConfiguration>
  <LoggerRunSettings>
    <Loggers>
      <Logger friendlyName="blame" enabled="True" />
      <Logger friendlyName="Console" uri="logger://microsoft/TestPlatform/ConsoleLogger/v1" assemblyQualifiedName="Microsoft.VisualStudio.TestPlatform.CommandLine.Internal.ConsoleLogger, vstest.console, Version=15.0.0.0, Culture=neutral, PublicKeyToken=b03f5f7f11d50a3a" codeBase="C:\Program Files\dotnet\sdk\5.0.201\vstest.console.dll" enabled="True" />
    </Loggers>
  </LoggerRunSettings>
  <DataCollectionRunSettings>
    <DataCollectors>
      <DataCollector friendlyName="blame" enabled="True">
        <Configuration>
          <ResultsDirectory>C:\Users\joao.paes\Documents\work\ApiEscola\ApiCartao\bin\Debug\netcoreapp3.1\fine-code-coverage\coverage-tool-output</ResultsDirectory>
        </Configuration>
      </DataCollector>
    </DataCollectors>
  </DataCollectionRunSettings>
</RunSettings>

TpTrace Verbose: 0 : 14776, 1, 2021/07/09, 17:45:12.432, 15868322810789, vstest.console.dll, TestRunRequest.ExecuteAsync: Wait for the first run request is over.
TpTrace Verbose: 0 : 14776, 1, 2021/07/09, 17:45:12.433, 15868322815221, vstest.console.dll, ParallelProxyExecutionManager: Start execution. Total sources: 1
TpTrace Information: 0 : 14776, 1, 2021/07/09, 17:45:12.433, 15868322820646, vstest.console.dll, ProxyParallelExecutionManager: Triggering test run for next source: C:\Users\joao.paes\Documents\work\ApiEscola\ApiCartao\bin\Debug\netcoreapp3.1\fine-code-coverage\build-output\ApiEscola.dll
TpTrace Verbose: 0 : 14776, 1, 2021/07/09, 17:45:12.434, 15868322823132, vstest.console.dll, ProxyParallelExecutionManager: No sources available for execution.
TpTrace Information: 0 : 14776, 1, 2021/07/09, 17:45:12.434, 15868322823747, vstest.console.dll, TestRunRequest.ExecuteAsync: Started.
TpTrace Verbose: 0 : 14776, 6, 2021/07/09, 17:45:12.434, 15868322823170, vstest.console.dll, ParallelProxyExecutionManager: Execution started. Started clients: 1
TpTrace Verbose: 0 : 14776, 1, 2021/07/09, 17:45:12.434, 15868322824469, vstest.console.dll, TestRunRequest.WaitForCompletion: Waiting with timeout -1.
TpTrace Verbose: 0 : 14776, 6, 2021/07/09, 17:45:12.434, 15868322827465, vstest.console.dll, TestRunRequest:SendTestRunMessage: Starting.
TpTrace Information: 0 : 14776, 6, 2021/07/09, 17:45:12.434, 15868322828619, vstest.console.dll, TestRunRequest:SendTestRunMessage: Completed.
TpTrace Verbose: 0 : 14776, 6, 2021/07/09, 17:45:12.434, 15868322830717, vstest.console.dll, ProxyExecutionManager: Test host is always Lazy initialize.
TpTrace Verbose: 0 : 14776, 6, 2021/07/09, 17:45:12.435, 15868322833120, vstest.console.dll, TestRequestSender.InitializeCommunication: initialize communication. 
TpTrace Information: 0 : 14776, 6, 2021/07/09, 17:45:12.435, 15868322838378, vstest.console.dll, SocketServer.Start: Listening on endpoint : 127.0.0.1:65364
TpTrace Verbose: 0 : 14776, 6, 2021/07/09, 17:45:12.436, 15868322846240, vstest.console.dll, DotnetTestHostmanager: Adding  --runtimeconfig "C:\Users\joao.paes\Documents\work\ApiEscola\ApiCartao\bin\Debug\netcoreapp3.1\fine-code-coverage\build-output\ApiEscola.runtimeconfig.json" in args
TpTrace Verbose: 0 : 14776, 6, 2021/07/09, 17:45:12.436, 15868322847585, vstest.console.dll, DotnetTestHostmanager: Adding  --depsfile "C:\Users\joao.paes\Documents\work\ApiEscola\ApiCartao\bin\Debug\netcoreapp3.1\fine-code-coverage\build-output\ApiEscola.deps.json" in args
TpTrace Information: 0 : 14776, 6, 2021/07/09, 17:45:12.436, 15868322850588, vstest.console.dll, AssemblyResolver.OnResolve: Microsoft.Extensions.DependencyModel: Resolving assembly.
TpTrace Information: 0 : 14776, 6, 2021/07/09, 17:45:12.437, 15868322859673, vstest.console.dll, AssemblyResolver.OnResolve: Resolved assembly: Microsoft.Extensions.DependencyModel, from path: C:\Program Files\dotnet\sdk\5.0.201\Microsoft.Extensions.DependencyModel.dll
TpTrace Verbose: 0 : 14776, 6, 2021/07/09, 17:45:12.438, 15868322863373, vstest.console.dll, DotnetTestHostmanager: Reading file C:\Users\joao.paes\Documents\work\ApiEscola\ApiCartao\bin\Debug\netcoreapp3.1\fine-code-coverage\build-output\ApiEscola.deps.json to get path of testhost.dll
TpTrace Verbose: 0 : 14776, 6, 2021/07/09, 17:45:12.477, 15868323261433, vstest.console.dll, DotnetTestHostmanager: Looking for path  in folder C:\Users\joao.paes\.dotnet\store\|arch|\|tfm|
TpTrace Verbose: 0 : 14776, 6, 2021/07/09, 17:45:12.478, 15868323263569, vstest.console.dll, DotnetTestHostmanager: Looking for path  in folder C:\Users\joao.paes\.nuget\packages
TpTrace Verbose: 0 : 14776, 6, 2021/07/09, 17:45:12.478, 15868323264812, vstest.console.dll, DotnetTestHostmanager: Looking for path  in folder C:\Program Files\dotnet\sdk\NuGetFallbackFolder
TpTrace Verbose: 0 : 14776, 6, 2021/07/09, 17:45:12.478, 15868323266175, vstest.console.dll, DotnetTestHostManager: Assume published test project, with test host path = C:\Users\joao.paes\Documents\work\ApiEscola\ApiCartao\bin\Debug\netcoreapp3.1\fine-code-coverage\build-output\testhost.dll.
TpTrace Error: 0 : 14776, 6, 2021/07/09, 17:45:12.481, 15868323296948, vstest.console.dll, ProxyExecutionManager.StartTestRun: Failed to start test run: Microsoft.VisualStudio.TestPlatform.ObjectModel.TestPlatformException: Não foi possível localizar C:\Users\joao.paes\Documents\work\ApiEscola\ApiCartao\bin\Debug\netcoreapp3.1\fine-code-coverage\build-output\testhost.dll. Publique o projeto de teste e tente novamente.
   at Microsoft.VisualStudio.TestPlatform.CrossPlatEngine.Hosting.DotnetTestHostManager.GetTestHostPath(String runtimeConfigDevPath, String depsFilePath, String sourceDirectory)
   at Microsoft.VisualStudio.TestPlatform.CrossPlatEngine.Hosting.DotnetTestHostManager.GetTestHostProcessStartInfo(IEnumerable`1 sources, IDictionary`2 environmentVariables, TestRunnerConnectionInfo connectionInfo)
   at Microsoft.VisualStudio.TestPlatform.CrossPlatEngine.Client.ProxyOperationManager.SetupChannel(IEnumerable`1 sources, String runSettings)
   at Microsoft.VisualStudio.TestPlatform.CrossPlatEngine.Client.ProxyExecutionManager.StartTestRun(TestRunCriteria testRunCriteria, ITestRunEventsHandler eventHandler)
TpTrace Verbose: 0 : 14776, 6, 2021/07/09, 17:45:12.483, 15868323318140, vstest.console.dll, TestRunRequest:SendTestRunMessage: Starting.
TpTrace Information: 0 : 14776, 6, 2021/07/09, 17:45:12.483, 15868323319472, vstest.console.dll, TestRunRequest:SendTestRunMessage: Completed.
TpTrace Warning: 0 : 14776, 6, 2021/07/09, 17:45:12.495, 15868323435816, vstest.console.dll, ProxyOperationManager: Timed out waiting for test host to exit. Will terminate process.
TpTrace Verbose: 0 : 14776, 6, 2021/07/09, 17:45:12.495, 15868323440422, vstest.console.dll, ProxyDataCollectionManager.InvokeDataCollectionServiceAction: Starting.
TpTrace Information: 0 : 14776, 6, 2021/07/09, 17:45:12.495, 15868323441227, vstest.console.dll, ProxyDataCollectionManager.AfterTestRunEnd: Get attachment set for datacollector processId: 26224 port: 65361
TpTrace Verbose: 0 : 14776, 6, 2021/07/09, 17:45:12.495, 15868323441825, vstest.console.dll, DataCollectionRequestSender.SendAfterTestRunStartAndGetResult : Send AfterTestRunEnd message with isCancelled: False
